<?xml version="1.0" encoding="UTF-8"?>
<!-- Generated by org.testng.reporters.JUnitReportReporter -->
<testsuite skipped="0" hostname="DESKTOP-8EEC1UC" name="getrequest.GetData" tests="1" failures="0" timestamp="09 Aug 2019 15:29:56 GMT" time="2.847" errors="0">
  <testcase name="adminLogin" time="2.847" classname="getrequest.GetData"/>
</testsuite> <!-- getrequest.GetData -->
